<?xml version="1.0" encoding="UTF-8"?>
<testng-results skipped="0" failed="0" total="1" passed="1">
  <reporter-output>
  </reporter-output>
  <suite name="Default suite" duration-ms="3232" started-at="2013-11-02T21:16:11Z" finished-at="2013-11-02T21:16:15Z">
    <groups>
    </groups>
    <test name="Default test" duration-ms="3232" started-at="2013-11-02T21:16:11Z" finished-at="2013-11-02T21:16:15Z">
      <class name="DemoTestNG">
        <test-method status="PASS" signature="start()[pri:0, instance:DemoTestNG@695d02be]" name="start" is-config="true" duration-ms="1919" started-at="2013-11-02T17:16:12Z" finished-at="2013-11-02T17:16:13Z">
          <reporter-output>
          </reporter-output>
        </test-method> <!-- start -->
        <test-method status="PASS" signature="login()[pri:0, instance:DemoTestNG@695d02be]" name="login" duration-ms="928" started-at="2013-11-02T17:16:13Z" finished-at="2013-11-02T17:16:14Z">
          <reporter-output>
          </reporter-output>
        </test-method> <!-- login -->
        <test-method status="PASS" signature="end()[pri:0, instance:DemoTestNG@695d02be]" name="end" is-config="true" duration-ms="359" started-at="2013-11-02T17:16:14Z" finished-at="2013-11-02T17:16:15Z">
          <reporter-output>
          </reporter-output>
        </test-method> <!-- end -->
      </class> <!-- DemoTestNG -->
    </test> <!-- Default test -->
  </suite> <!-- Default suite -->
</testng-results>
